android/build/intermediates/manifest_merge_blame_file/debug/manifest-merger-blame-debug-report.txt
1<?xml version="1.0" encoding="utf-8"?>
2<manifest xmlns:android="http://schemas.android.com/apk/res/android"
3    package="com.sunmi.innerprinter"
4    android:versionCode="1"
5    android:versionName="1.0" >
6
7    <uses-sdk
8        android:minSdkVersion="16"
8-->src\main\AndroidManifest.xml
9        android:targetSdkVersion="28" />
9-->src\main\AndroidManifest.xml
10
11    <application>
11-->src\main\AndroidManifest.xml:2:3-25:17
12        <receiver
12-->src\main\AndroidManifest.xml:3:3-24:14
13            android:name="com.sunmi.innerprinter.PrinterReceiver"
13-->src\main\AndroidManifest.xml:3:13-66
14            android:enabled="true" >
14-->src\main\AndroidManifest.xml:3:67-89
15            <intent-filter android:priority="1000" >
15-->src\main\AndroidManifest.xml:4:7-23:23
15-->src\main\AndroidManifest.xml:4:22-45
16
17                <!-- 缺纸异常 -->
18                <action android:name="woyou.aidlservice.jiuv5.OUT_OF_PAPER_ACTION" />
18-->src\main\AndroidManifest.xml:6:9-78
18-->src\main\AndroidManifest.xml:6:17-75
19                <!-- 打印错误 -->
20                <action android:name="woyou.aidlservice.jiuv5.ERROR_ACTION" />
20-->src\main\AndroidManifest.xml:8:9-71
20-->src\main\AndroidManifest.xml:8:17-68
21                <!-- 可以打印 -->
22                <action android:name="woyou.aidlservice.jiuv5.NORMAL_ACTION" />
22-->src\main\AndroidManifest.xml:10:9-72
22-->src\main\AndroidManifest.xml:10:17-69
23                <!-- 开盖子 -->
24                <action android:name="woyou.aidlservice.jiuv5.COVER_OPEN_ACTION" />
24-->src\main\AndroidManifest.xml:12:9-76
24-->src\main\AndroidManifest.xml:12:17-73
25                <!-- 关盖子异常 -->
26                <action android:name="woyou.aidlservice.jiuv5.COVER_ERROR_ACTION" />
26-->src\main\AndroidManifest.xml:14:9-77
26-->src\main\AndroidManifest.xml:14:17-74
27                <!-- 切刀异常1－卡切刀 -->
28                <action android:name="woyou.aidlservice.jiuv5.KNIFE_ERROR_ACTION_1" />
28-->src\main\AndroidManifest.xml:16:9-79
28-->src\main\AndroidManifest.xml:16:17-76
29                <!-- 切刀异常2－切刀修复 -->
30                <action android:name="woyou.aidlservice.jiuv5.KNIFE_ERROR_ACTION_2" />
30-->src\main\AndroidManifest.xml:18:9-79
30-->src\main\AndroidManifest.xml:18:17-76
31                <!-- 打印头过热异常 -->
32                <action android:name="woyou.aidlservice.jiuv5.OVER_HEATING_ACITON" />
32-->src\main\AndroidManifest.xml:20:9-78
32-->src\main\AndroidManifest.xml:20:17-75
33                <!-- 打印机固件开始升级 -->
34                <action android:name="woyou.aidlservice.jiuv5.FIRMWARE_UPDATING_ACITON" />
34-->src\main\AndroidManifest.xml:22:9-83
34-->src\main\AndroidManifest.xml:22:17-80
35            </intent-filter>
36        </receiver>
37    </application>
38
39</manifest>